<?xml version="1.0" encoding="UTF-8"?>
<!-- Generated by org.testng.reporters.JUnitXMLReporter -->
<testsuite hostname="Ramana-PC" ignored="0" name="Computer database App Test Cases" tests="76" failures="2" timestamp="10 Feb 2019 18:32:11 GMT" time="1043.795" errors="0">
  <testcase name="verify_computersdata_table_columns" time="0.856" classname="qa.backbase.test.HomePageTest"/>
  <testcase name="verify_home_page_header" time="0.176" classname="qa.backbase.test.HomePageTest"/>
  <testcase name="verify_homepage_fields" time="0.458" classname="qa.backbase.test.HomePageTest"/>
  <testcase name="verify_navigation_to_addcomputer_page" time="0.85" classname="qa.backbase.test.HomePageTest"/>
  <testcase name="verify_pagination_fields" time="0.523" classname="qa.backbase.test.HomePageTest"/>
  <testcase name="verify_addacomputer_page_fields" time="0.724" classname="qa.backbase.test.AddComputerPageTest"/>
  <testcase name="verify_addacomputer_with_valid_data" time="2.889" classname="qa.backbase.test.AddComputerPageTest"/>
  <testcase name="verify_addacomputer_with_valid_data" time="2.496" classname="qa.backbase.test.AddComputerPageTest"/>
  <testcase name="verify_addacomputer_with_valid_data" time="2.02" classname="qa.backbase.test.AddComputerPageTest"/>
  <testcase name="verify_addacomputer_with_valid_data" time="2.701" classname="qa.backbase.test.AddComputerPageTest"/>
  <testcase name="verify_addacomputer_with_valid_data" time="1.938" classname="qa.backbase.test.AddComputerPageTest"/>
  <testcase name="verify_addacomputer_with_valid_data" time="2.495" classname="qa.backbase.test.AddComputerPageTest"/>
  <testcase name="verify_addacomputer_with_valid_data" time="1.671" classname="qa.backbase.test.AddComputerPageTest"/>
  <testcase name="verify_addacomputer_with_valid_data" time="2.631" classname="qa.backbase.test.AddComputerPageTest"/>
  <testcase name="verify_addacomputer_with_valid_data" time="2.275" classname="qa.backbase.test.AddComputerPageTest"/>
  <testcase name="verify_addacomputer_with_valid_data" time="2.558" classname="qa.backbase.test.AddComputerPageTest"/>
  <testcase name="verify_addacomputer_with_valid_data" time="2.298" classname="qa.backbase.test.AddComputerPageTest"/>
  <testcase name="verify_addacomputer_with_valid_data" time="2.191" classname="qa.backbase.test.AddComputerPageTest"/>
  <testcase name="verify_cancel_button_functionality" time="2.432" classname="qa.backbase.test.AddComputerPageTest"/>
  <testcase name="verify_error_when_computername_not_provided" time="0.545" classname="qa.backbase.test.AddComputerPageTest"/>
  <testcase name="verify_error_when_invalid_discontinueddate_provided" time="2.079" classname="qa.backbase.test.AddComputerPageTest"/>
  <testcase name="verify_error_when_invalid_discontinueddate_provided" time="1.643" classname="qa.backbase.test.AddComputerPageTest"/>
  <testcase name="verify_error_when_invalid_discontinueddate_provided" time="1.901" classname="qa.backbase.test.AddComputerPageTest"/>
  <testcase name="verify_error_when_invalid_discontinueddate_provided" time="1.493" classname="qa.backbase.test.AddComputerPageTest"/>
  <testcase name="verify_error_when_invalid_discontinueddate_provided" time="1.929" classname="qa.backbase.test.AddComputerPageTest"/>
  <testcase name="verify_error_when_invalid_discontinueddate_provided" time="1.453" classname="qa.backbase.test.AddComputerPageTest"/>
  <testcase name="verify_error_when_invalid_discontinueddate_provided" time="1.978" classname="qa.backbase.test.AddComputerPageTest"/>
  <testcase name="verify_error_when_invalid_introduceddate_provided" time="1.664" classname="qa.backbase.test.AddComputerPageTest"/>
  <testcase name="verify_error_when_invalid_introduceddate_provided" time="1.915" classname="qa.backbase.test.AddComputerPageTest"/>
  <testcase name="verify_error_when_invalid_introduceddate_provided" time="1.836" classname="qa.backbase.test.AddComputerPageTest"/>
  <testcase name="verify_error_when_invalid_introduceddate_provided" time="1.575" classname="qa.backbase.test.AddComputerPageTest"/>
  <testcase name="verify_error_when_invalid_introduceddate_provided" time="1.69" classname="qa.backbase.test.AddComputerPageTest"/>
  <testcase name="verify_error_when_invalid_introduceddate_provided" time="1.547" classname="qa.backbase.test.AddComputerPageTest"/>
  <testcase name="verify_error_when_invalid_introduceddate_provided" time="2.368" classname="qa.backbase.test.AddComputerPageTest"/>
  <testcase name="verify_page_title" time="0.137" classname="qa.backbase.test.AddComputerPageTest"/>
  <testcase name="verify_page_header" time="1.377" classname="qa.backbase.test.EditPageTest"/>
  <testcase name="verify_edit_page_fields" time="0.994" classname="qa.backbase.test.EditPageTest"/>
  <testcase name="verify_user_able_to_edit_computerdetails" time="3.569" classname="qa.backbase.test.EditPageTest"/>
  <testcase name="verify_user_able_to_edit_computerdetails" time="5.593" classname="qa.backbase.test.EditPageTest"/>
  <testcase name="verify_user_able_to_edit_computerdetails" time="3.839" classname="qa.backbase.test.EditPageTest"/>
  <testcase name="verify_user_able_to_edit_computerdetails" time="3.005" classname="qa.backbase.test.EditPageTest"/>
  <testcase name="verify_user_able_to_edit_computerdetails" time="3.86" classname="qa.backbase.test.EditPageTest"/>
  <testcase name="verify_user_able_to_edit_computerdetails" time="3.786" classname="qa.backbase.test.EditPageTest"/>
  <testcase name="verify_user_able_to_edit_computerdetails" time="3.816" classname="qa.backbase.test.EditPageTest"/>
  <testcase name="verify_user_able_to_edit_computerdetails" time="3.592" classname="qa.backbase.test.EditPageTest"/>
  <testcase name="verify_user_able_to_edit_computerdetails" time="2.815" classname="qa.backbase.test.EditPageTest"/>
  <testcase name="verify_user_able_to_edit_computerdetails" time="3.742" classname="qa.backbase.test.EditPageTest"/>
  <testcase name="verify_user_able_to_edit_computerdetails" time="2.818" classname="qa.backbase.test.EditPageTest"/>
  <testcase name="verify_user_able_to_edit_computerdetails" time="20.828" classname="qa.backbase.test.EditPageTest">
    <failure type="java.lang.NullPointerException">
      <![CDATA[java.lang.NullPointerException
at qa.backbase.cd.pages.HomePage.navigate_to_edit_page(HomePage.java:139)
at qa.backbase.test.EditPageTest.verify_user_able_to_edit_computerdetails(EditPageTest.java:68)
... Removed 25 stack frames]]>
    </failure>
  </testcase> <!-- verify_user_able_to_edit_computerdetails -->
  <testcase name="verify_error_when_invalid_introduceddate_provided" time="3.488" classname="qa.backbase.test.EditPageTest"/>
  <testcase name="verify_error_when_invalid_introduceddate_provided" time="3.823" classname="qa.backbase.test.EditPageTest"/>
  <testcase name="verify_error_when_invalid_introduceddate_provided" time="3.903" classname="qa.backbase.test.EditPageTest"/>
  <testcase name="verify_error_when_invalid_introduceddate_provided" time="3.488" classname="qa.backbase.test.EditPageTest"/>
  <testcase name="verify_error_when_invalid_introduceddate_provided" time="4.239" classname="qa.backbase.test.EditPageTest"/>
  <testcase name="verify_error_when_invalid_introduceddate_provided" time="2.911" classname="qa.backbase.test.EditPageTest"/>
  <testcase name="verify_error_when_invalid_introduceddate_provided" time="3.135" classname="qa.backbase.test.EditPageTest"/>
  <testcase name="verify_error_when_invalid_discontinueddate_provided" time="3.246" classname="qa.backbase.test.EditPageTest"/>
  <testcase name="verify_error_when_invalid_discontinueddate_provided" time="3.437" classname="qa.backbase.test.EditPageTest"/>
  <testcase name="verify_error_when_invalid_discontinueddate_provided" time="3.239" classname="qa.backbase.test.EditPageTest"/>
  <testcase name="verify_error_when_invalid_discontinueddate_provided" time="2.893" classname="qa.backbase.test.EditPageTest"/>
  <testcase name="verify_error_when_invalid_discontinueddate_provided" time="3.385" classname="qa.backbase.test.EditPageTest"/>
  <testcase name="verify_error_when_invalid_discontinueddate_provided" time="3.482" classname="qa.backbase.test.EditPageTest"/>
  <testcase name="verify_error_when_invalid_discontinueddate_provided" time="3.649" classname="qa.backbase.test.EditPageTest"/>
  <testcase name="verify_cancel_button_functionality" time="2.761" classname="qa.backbase.test.EditPageTest"/>
  <testcase name="verify_deletethiscomputer_functionality" time="2.377" classname="qa.backbase.test.EditPageTest"/>
  <testcase name="verify_deletethiscomputer_functionality" time="2.074" classname="qa.backbase.test.EditPageTest"/>
  <testcase name="verify_deletethiscomputer_functionality" time="4.383" classname="qa.backbase.test.EditPageTest"/>
  <testcase name="verify_deletethiscomputer_functionality" time="2.22" classname="qa.backbase.test.EditPageTest"/>
  <testcase name="verify_deletethiscomputer_functionality" time="2.123" classname="qa.backbase.test.EditPageTest"/>
  <testcase name="verify_deletethiscomputer_functionality" time="2.276" classname="qa.backbase.test.EditPageTest"/>
  <testcase name="verify_deletethiscomputer_functionality" time="2.291" classname="qa.backbase.test.EditPageTest"/>
  <testcase name="verify_deletethiscomputer_functionality" time="2.972" classname="qa.backbase.test.EditPageTest"/>
  <testcase name="verify_deletethiscomputer_functionality" time="2.067" classname="qa.backbase.test.EditPageTest"/>
  <testcase name="verify_deletethiscomputer_functionality" time="2.147" classname="qa.backbase.test.EditPageTest"/>
  <testcase name="verify_deletethiscomputer_functionality" time="2.25" classname="qa.backbase.test.EditPageTest"/>
  <testcase name="verify_deletethiscomputer_functionality" time="20.866" classname="qa.backbase.test.EditPageTest">
    <failure type="java.lang.NullPointerException">
      <![CDATA[java.lang.NullPointerException
at qa.backbase.cd.pages.HomePage.navigate_to_edit_page(HomePage.java:139)
at qa.backbase.test.EditPageTest.verify_deletethiscomputer_functionality(EditPageTest.java:111)
... Removed 25 stack frames]]>
    </failure>
  </testcase> <!-- verify_deletethiscomputer_functionality -->
</testsuite> <!-- Computer database App Test Cases -->
