<?xml version="1.0" encoding="UTF-8"?>
<!-- Generated by org.testng.reporters.JUnitXMLReporter -->
<testsuite hostname="Ramana-PC" ignored="0" name="Default test" tests="2" failures="0" timestamp="10 Feb 2019 19:23:21 GMT" time="54.692" errors="0">
  <testcase name="verify_filterbyname_functionality" time="2.138" classname="qa.backbase.test.HomePageTest"/>
  <testcase name="verify_filterbyname_functionality" time="20.991" classname="qa.backbase.test.HomePageTest"/>
</testsuite> <!-- Default test -->
