<?xml version="1.0" encoding="UTF-8"?>
<testng-results skipped="0" failed="0" ignored="0" total="2" passed="2">
  <reporter-output>
  </reporter-output>
  <suite name="Default suite" duration-ms="54692" started-at="2019-02-10T19:22:26Z" finished-at="2019-02-10T19:23:21Z">
    <groups>
    </groups>
    <test name="Default test" duration-ms="54692" started-at="2019-02-10T19:22:26Z" finished-at="2019-02-10T19:23:21Z">
      <class name="qa.backbase.test.HomePageTest">
        <test-method status="PASS" signature="setup()[pri:0, instance:qa.backbase.test.HomePageTest@39c0f4a]" name="setup" is-config="true" duration-ms="15394" started-at="2019-02-10T19:22:32Z" finished-at="2019-02-10T19:22:47Z">
          <reporter-output>
          </reporter-output>
        </test-method> <!-- setup -->
        <test-method status="PASS" signature="verify_filterbyname_functionality(java.lang.String)[pri:0, instance:qa.backbase.test.HomePageTest@39c0f4a]" name="verify_filterbyname_functionality" duration-ms="2138" started-at="2019-02-10T19:22:47Z" data-provider="filterbyname_test_data" finished-at="2019-02-10T19:22:49Z">
          <params>
            <param index="0">
              <value>
                <![CDATA[test]]>
              </value>
            </param>
          </params>
          <reporter-output>
          </reporter-output>
        </test-method> <!-- verify_filterbyname_functionality -->
        <test-method status="PASS" signature="teardown()[pri:0, instance:qa.backbase.test.HomePageTest@39c0f4a]" name="teardown" is-config="true" duration-ms="386" started-at="2019-02-10T19:22:49Z" finished-at="2019-02-10T19:22:50Z">
          <reporter-output>
          </reporter-output>
        </test-method> <!-- teardown -->
        <test-method status="PASS" signature="setup()[pri:0, instance:qa.backbase.test.HomePageTest@39c0f4a]" name="setup" is-config="true" duration-ms="9595" started-at="2019-02-10T19:22:50Z" finished-at="2019-02-10T19:22:59Z">
          <reporter-output>
          </reporter-output>
        </test-method> <!-- setup -->
        <test-method status="PASS" signature="verify_filterbyname_functionality(java.lang.String)[pri:0, instance:qa.backbase.test.HomePageTest@39c0f4a]" name="verify_filterbyname_functionality" duration-ms="20991" started-at="2019-02-10T19:22:59Z" data-provider="filterbyname_test_data" finished-at="2019-02-10T19:23:20Z">
          <params>
            <param index="0">
              <value>
                <![CDATA[jsdgfsdfksjdfsk]]>
              </value>
            </param>
          </params>
          <reporter-output>
          </reporter-output>
        </test-method> <!-- verify_filterbyname_functionality -->
        <test-method status="PASS" signature="teardown()[pri:0, instance:qa.backbase.test.HomePageTest@39c0f4a]" name="teardown" is-config="true" duration-ms="344" started-at="2019-02-10T19:23:20Z" finished-at="2019-02-10T19:23:20Z">
          <reporter-output>
          </reporter-output>
        </test-method> <!-- teardown -->
      </class> <!-- qa.backbase.test.HomePageTest -->
    </test> <!-- Default test -->
  </suite> <!-- Default suite -->
</testng-results>
